[12:33:22.845] Global cache location '/home/mxjxn/.cache/typescript/3.7', safe file path '/home/mxjxn/.config/yarn/global/node_modules/typescript/lib/typingSafeList.json', types map path /home/mxjxn/.config/yarn/global/node_modules/typescript/lib/typesMap.json
[12:33:22.847] Processing cache location '/home/mxjxn/.cache/typescript/3.7'
[12:33:22.847] Trying to find '/home/mxjxn/.cache/typescript/3.7/package.json'...
[12:33:22.853] Loaded content of '/home/mxjxn/.cache/typescript/3.7/package.json': {"private":true,"dependencies":{"types-registry":"^0.1.479"},"devDependencies":{"@types/accepts":"^1.3.5","@types/acorn":"^4.0.5","@types/ajv-errors":"^1.0.2","@types/ajv-keywords":"^3.4.0","@types/ansi-styles":"^3.2.1","@types/anymatch":"^1.3.1","@types/argparse":"^1.0.38","@types/aria-query":"^3.0.0","@types/arr-diff":"^4.0.0","@types/arr-union":"^3.1.0","@types/array-unique":"^0.3.0","@types/array.prototype.flat":"^1.2.1","@types/assert":"^1.4.6","@types/async":"^3.0.8","@types/atob":"^2.1.2","@types/autoprefixer":"^9.7.0","@types/babel-core":"^6.25.6","@types/babel-plugin-macros":"^2.8.1","@types/babel-plugin-syntax-jsx":"^6.18.0","@types/backo2":"^1.0.1","@types/balanced-match":"^1.0.1","@types/base64-arraybuffer":"^0.1.0","@types/base64-js":"^1.2.5","@types/big.js":"^4.0.5","@types/bl":"^2.1.0","@types/bluebird":"^3.5.29","@types/bn.js":"^4.11.6","@types/body-parser":"^1.19.0","@types/bonjour":"^3.5.6","@types/brace-expansion":"^1.1.0","@types/braces":"^3.0.0","@types/brorand":"^1.0.30","@types/browserslist":"^4.8.0","@types/buffer-crc32":"^0.2.0","@types/buffer-from":"^1.1.0","@types/buffer-xor":"^2.0.0","@types/bytes":"^3.1.0","@types/cacache":"^12.0.1","@types/cacheable-request":"^6.0.1","@types/callsite":"^1.0.30","@types/caniuse-api":"^3.0.0","@types/caniuse-lite":"^1.0.0","@types/case-sensitive-paths-webpack-plugin":"^2.1.4","@types/chardet":"^0.8.0","@types/check-types":"^7.3.1","@types/chownr":"^1.0.0","@types/cipher-base":"^1.0.0","@types/circular-dependency-plugin":"^5.0.0","@types/clean-css":"^4.2.1","@types/color":"^3.0.1","@types/color-convert":"^1.9.0","@types/color-name":"^1.1.1","@types/color-string":"^1.5.0","@types/commondir":"^1.0.0","@types/component-emitter":"^1.2.8","@types/compressible":"^2.0.0","@types/compression":"^1.7.0","@types/concat-map":"0.0.0","@types/concat-stream":"^1.6.0","@types/connect-history-api-fallback":"^1.3.3","@types/contains-path":"^1.0.0","@types/content-disposition":"^0.5.2","@types/content-type":"^1.1.3","@types/convert-source-map":"^1.5.1","@types/cookie":"^0.3.3","@types/cookie-signature":"^1.0.3","@types/core-js":"^2.5.3","@types/cors":"^2.8.6","@types/create-hash":"^1.2.2","@types/create-hmac":"^1.1.0","@types/cross-spawn":"^6.0.1","@types/css-tree":"^1.0.3","@types/cssesc":"^3.0.0","@types/cssnano":"^4.0.0","@types/csso":"^3.5.1","@types/debug":"^4.1.5","@types/decode-uri-component":"^0.2.0","@types/decompress":"^4.2.3","@types/deep-equal":"^1.0.1","@types/deep-extend":"^0.4.31","@types/default-gateway":"^3.0.1","@types/define-properties":"^1.1.2","@types/depd":"^1.1.32","@types/destroy":"^1.0.0","@types/detect-node":"^2.0.0","@types/diffie-hellman":"^5.0.0","@types/dir-glob":"^2.0.0","@types/doctrine":"0.0.3","@types/domhandler":"^2.4.1","@types/domutils":"^1.7.2","@types/download":"^6.2.4","@types/duplexer3":"^0.1.0","@types/duplexify":"^3.6.0","@types/ee-first":"^1.1.0","@types/ejs":"^3.0.1","@types/elliptic":"^6.4.12","@types/encodeurl":"^1.0.0","@types/end-of-stream":"^1.4.0","@types/engine.io":"^3.1.2","@types/engine.io-client":"^3.1.2","@types/enhanced-resolve":"^3.0.6","@types/entities":"^1.1.1","@types/es-to-primitive":"^1.2.0","@types/escape-html":"0.0.20","@types/eslint":"^6.1.8","@types/eslint-scope":"^3.7.0","@types/eslint-visitor-keys":"^1.0.0","@types/esprima":"^4.0.2","@types/esquery":"^1.0.1","@types/estraverse":"0.0.6","@types/etag":"^1.8.0","@types/events":"^3.0.0","@types/eventsource":"^1.1.2","@types/express":"^4.17.2","@types/extend":"^3.0.1","@types/fast-levenshtein":"0.0.1","@types/file-loader":"^4.2.0","@types/finalhandler":"^1.1.0","@types/find-cache-dir":"^3.2.0","@types/flat-cache":"^2.0.0","@types/flush-write-stream":"^1.0.0","@types/follow-redirects":"^1.8.0","@types/forwarded":"^0.1.0","@types/fresh":"^0.5.0","@types/from2":"^2.3.0","@types/fs-extra":"^8.1.0","@types/fs-readdir-recursive":"^1.0.0","@types/function-bind":"^1.1.1","@types/get-caller-file":"^1.0.0","@types/get-value":"^3.0.1","@types/glob":"^7.1.1","@types/glob-parent":"^5.1.0","@types/got":"^9.6.9","@types/graceful-fs":"^4.1.3","@types/he":"^1.1.0","@types/hoist-non-react-statics":"^3.3.1","@types/hosted-git-info":"^3.0.0","@types/html-entities":"^1.2.16","@types/html-minifier":"^3.5.3","@types/html-void-elements":"^1.0.0","@types/html-webpack-plugin":"^3.2.2","@types/htmlparser2":"^3.10.1","@types/http-cache-semantics":"^4.0.0","@types/http-errors":"^1.6.3","@types/http-proxy":"^1.17.3","@types/http-proxy-middleware":"^0.19.3","@types/icss-utils":"^4.1.0","@types/iferr":"^1.0.2","@types/imurmurhash":"^0.1.0","@types/inherits":"0.0.30","@types/ini":"^1.3.30","@types/inquirer":"^6.5.0","@types/internal-slot":"^1.0.1","@types/invariant":"^2.2.31","@types/ip":"^1.1.0","@types/is-alphanumerical":"^1.0.0","@types/is-buffer":"^2.0.0","@types/is-callable":"^1.1.0","@types/is-date-object":"^1.0.1","@types/is-generator-function":"^1.0.1","@types/is-glob":"^4.0.1","@types/is-natural-number":"^4.0.0","@types/is-number":"^7.0.0","@types/is-object":"^1.0.1","@types/is-promise":"^2.1.0","@types/is-windows":"^1.0.0","@types/isarray":"^2.0.0","@types/isexe":"^2.0.0","@types/js-yaml":"^3.12.2","@types/jsesc":"^2.5.0","@types/json-buffer":"^3.0.0","@types/json-parse-better-errors":"^1.0.0","@types/json3":"^3.3.2","@types/json5":"0.0.30","@types/jsonfile":"^5.0.0","@types/keyv":"^3.1.1","@types/kind-of":"^6.0.0","@types/loader-runner":"^2.2.3","@types/loader-utils":"^1.1.3","@types/loadjs":"^4.0.0","@types/lodash":"^4.14.149","@types/lodash.memoize":"^4.1.6","@types/lodash.uniq":"^4.5.6","@types/lru-cache":"^5.1.0","@types/match-sorter":"^4.0.0","@types/mdurl":"^1.0.2","@types/mdx-js__react":"^1.5.0","@types/media-typer":"^0.3.0","@types/memory-fs":"^0.3.2","@types/merge-descriptors":"^1.0.1","@types/merge2":"^1.3.0","@types/methods":"^1.1.0","@types/micromatch":"^4.0.1","@types/mime":"^2.0.1","@types/mime-db":"^1.27.0","@types/mime-types":"^2.1.0","@types/min-document":"^2.19.0","@types/minimalistic-assert":"^1.0.0","@types/minimatch":"^3.0.3","@types/minimist":"^1.2.0","@types/mkdirp":"^1.0.0","@types/move-concurrently":"^1.0.2","@types/ms":"^0.7.31","@types/natural-compare":"^1.4.0","@types/negotiator":"^0.6.1","@types/nice-try":"^2.0.0","@types/node-forge":"^0.9.2","@types/normalize-package-data":"^2.4.0","@types/normalize-path":"^3.0.0","@types/num2fraction":"^1.2.0","@types/number-is-nan":"^1.0.0","@types/object-assign":"^4.0.30","@types/object-inspect":"^1.6.1","@types/object-keys":"^1.0.1","@types/object.getownpropertydescriptors":"^2.1.0","@types/object.pick":"^1.3.0","@types/on-finished":"^2.3.1","@types/on-headers":"^1.0.0","@types/once":"^1.4.0","@types/opener":"^1.4.0","@types/optimize-css-assets-webpack-plugin":"^5.0.1","@types/original":"^1.0.0","@types/os-tmpdir":"^1.0.0","@types/pako":"^1.0.1","@types/parallel-transform":"^1.1.0","@types/parse-json":"^4.0.0","@types/parse5":"^5.0.2","@types/parseurl":"^1.3.1","@types/path-is-absolute":"^1.0.0","@types/path-is-inside":"^1.0.0","@types/path-parse":"^1.0.19","@types/pbkdf2":"^3.0.0","@types/pify":"^3.0.2","@types/postcss-calc":"^7.0.0","@types/postcss-load-config":"^2.0.1","@types/postcss-modules-extract-imports":"^2.0.0","@types/postcss-modules-local-by-default":"^1.2.0","@types/postcss-modules-scope":"^1.1.0","@types/postcss-modules-values":"^3.0.0","@types/prelude-ls":"^1.1.29","@types/progress":"^2.0.3","@types/promise-inflight":"^1.0.0","@types/prop-types":"^15.7.3","@types/proxy-addr":"^2.0.0","@types/pump":"^1.1.0","@types/pumpify":"^1.4.1","@types/punycode":"^2.1.0","@types/q":"^1.5.2","@types/qs":"^6.9.1","@types/querystringify":"^2.0.0","@types/raf":"^3.4.0","@types/randombytes":"^2.0.0","@types/range-parser":"^1.2.3","@types/rc":"^1.1.0","@types/reach__router":"^1.3.0","@types/react":"^16.9.22","@types/react-dom":"^16.9.5","@types/react-helmet":"^5.0.15","@types/react-is":"^16.7.1","@types/react-lifecycles-compat":"^3.0.1","@types/react-side-effect":"^1.1.1","@types/readable-stream":"^2.3.5","@types/registry-auth-token":"^3.3.0","@types/relateurl":"^0.2.28","@types/repeat-element":"^1.1.0","@types/repeat-string":"^1.6.0","@types/replace-ext":"0.0.27","@types/require-directory":"^2.1.1","@types/requires-port":"^1.0.0","@types/resolve":"^1.14.0","@types/responselike":"^1.0.0","@types/retry":"^0.12.0","@types/rimraf":"^2.0.3","@types/ripemd160":"^2.0.0","@types/run-parallel":"^1.1.0","@types/safe-regex":"^1.1.2","@types/safer-buffer":"^2.1.0","@types/sax":"^1.2.1","@types/scheduler":"^0.16.1","@types/semver":"^7.1.0","@types/send":"^0.14.5","@types/serialize-javascript":"^1.5.0","@types/serve-handler":"^6.1.0","@types/serve-index":"^1.7.30","@types/serve-static":"^1.13.3","@types/set-value":"^2.0.0","@types/setimmediate":"^1.0.0","@types/sha.js":"^2.4.0","@types/shallowequal":"^1.1.1","@types/shebang-command":"^1.2.0","@types/shelljs":"^0.8.6","@types/signal-exit":"^3.0.0","@types/slice-ansi":"^2.0.0","@types/socket.io":"^2.1.4","@types/socket.io-client":"^1.4.32","@types/socket.io-parser":"^2.2.1","@types/sockjs":"^0.3.31","@types/sockjs-client":"^1.1.1","@types/source-list-map":"^0.1.2","@types/source-map-support":"^0.5.1","@types/spdx-correct":"^2.0.0","@types/spdy":"^3.4.4","@types/sprintf":"^0.1.0","@types/sprintf-js":"^1.1.2","@types/ssri":"^6.0.1","@types/statuses":"^1.5.0","@types/stream-each":"^1.2.0","@types/stream-shift":"^1.0.0","@types/strict-uri-encode":"^2.0.0","@types/styled-components":"^5.0.0","@types/supports-color":"^5.3.0","@types/svgo":"^1.3.1","@types/table":"^4.0.7","@types/tapable":"^1.0.5","@types/tar-fs":"^1.16.2","@types/tar-stream":"^1.6.1","@types/terser-webpack-plugin":"^2.2.0","@types/text-table":"^0.2.1","@types/through":"0.0.30","@types/through2":"^2.0.34","@types/timsort":"^0.3.0","@types/tmp":"^0.1.0","@types/toposort":"^2.0.3","@types/trim":"^0.1.0","@types/tryer":"^1.0.1","@types/type-check":"^0.3.27","@types/type-is":"^1.6.3","@types/uglify-js":"^3.0.4","@types/uniq":"0.0.27","@types/universalify":"^0.1.0","@types/urix":"^0.1.0","@types/url-parse":"^1.4.3","@types/util-deprecate":"^1.0.0","@types/util.promisify":"^1.0.3","@types/utils-merge":"0.0.28","@types/uuid":"^7.0.0","@types/vary":"^1.1.0","@types/vfile-location":"^2.0.3","@types/warning":"^3.0.0","@types/watchpack":"^1.1.5","@types/webpack":"^4.41.6","@types/webpack-bundle-analyzer":"^2.13.3","@types/webpack-dev-middleware":"^2.0.3","@types/webpack-dev-server":"^3.10.0","@types/webpack-node-externals":"^1.7.1","@types/webpack-sources":"^0.1.6","@types/which":"^1.3.2","@types/wrap-ansi":"^3.0.0","@types/write":"^2.0.0","@types/ws":"^7.2.2","@types/xtend":"^4.0.2","@types/y18n":"^4.0.0","@types/yallist":"^3.0.1","@types/yaml":"^1.2.0","@types/yargs":"^15.0.4","@types/yargs-parser":"^15.0.0","@types/yauzl":"^2.9.1","@types/yeast":"^0.1.0"}}
[12:33:22.854] Loaded content of '/home/mxjxn/.cache/typescript/3.7/package-lock.json'
[12:33:22.876] Adding entry into typings cache: 'anymatch' => '/home/mxjxn/.cache/typescript/3.7/node_modules/@types/anymatch/index.d.ts'
[12:33:22.885] Adding entry into typings cache: 'body-parser' => '/home/mxjxn/.cache/typescript/3.7/node_modules/@types/body-parser/index.d.ts'
[12:33:22.894] Adding entry into typings cache: 'compression' => '/home/mxjxn/.cache/typescript/3.7/node_modules/@types/compression/index.d.ts'
[12:33:22.900] Adding entry into typings cache: 'connect-history-api-fallback' => '/home/mxjxn/.cache/typescript/3.7/node_modules/@types/connect-history-api-fallback/index.d.ts'
[12:33:22.909] Adding entry into typings cache: 'express' => '/home/mxjxn/.cache/typescript/3.7/node_modules/@types/express/index.d.ts'
[12:33:22.922] Adding entry into typings cache: 'hoist-non-react-statics' => '/home/mxjxn/.cache/typescript/3.7/node_modules/@types/hoist-non-react-statics/index.d.ts'
[12:33:22.926] Adding entry into typings cache: 'http-proxy' => '/home/mxjxn/.cache/typescript/3.7/node_modules/@types/http-proxy/index.d.ts'
[12:33:22.931] Adding entry into typings cache: 'http-proxy-middleware' => '/home/mxjxn/.cache/typescript/3.7/node_modules/@types/http-proxy-middleware/index.d.ts'
[12:33:22.935] Adding entry into typings cache: 'ip' => '/home/mxjxn/.cache/typescript/3.7/node_modules/@types/ip/index.d.ts'
[12:33:22.939] Adding entry into typings cache: 'mdx-js__react' => '/home/mxjxn/.cache/typescript/3.7/node_modules/@types/mdx-js__react/index.d.ts'
[12:33:22.942] Adding entry into typings cache: 'memory-fs' => '/home/mxjxn/.cache/typescript/3.7/node_modules/@types/memory-fs/index.d.ts'
[12:33:22.946] Adding entry into typings cache: 'mime' => '/home/mxjxn/.cache/typescript/3.7/node_modules/@types/mime/index.d.ts'
[12:33:22.953] Adding entry into typings cache: 'object-assign' => '/home/mxjxn/.cache/typescript/3.7/node_modules/@types/object-assign/index.d.ts'
[12:33:22.957] Adding entry into typings cache: 'prop-types' => '/home/mxjxn/.cache/typescript/3.7/node_modules/@types/prop-types/index.d.ts'
[12:33:22.962] Adding entry into typings cache: 'range-parser' => '/home/mxjxn/.cache/typescript/3.7/node_modules/@types/range-parser/index.d.ts'
[12:33:22.969] Adding entry into typings cache: 'react' => '/home/mxjxn/.cache/typescript/3.7/node_modules/@types/react/index.d.ts'
[12:33:22.977] Adding entry into typings cache: 'react-dom' => '/home/mxjxn/.cache/typescript/3.7/node_modules/@types/react-dom/index.d.ts'
[12:33:22.981] Adding entry into typings cache: 'react-helmet' => '/home/mxjxn/.cache/typescript/3.7/node_modules/@types/react-helmet/index.d.ts'
[12:33:22.992] Adding entry into typings cache: 'react-is' => '/home/mxjxn/.cache/typescript/3.7/node_modules/@types/react-is/index.d.ts'
[12:33:22.996] Adding entry into typings cache: 'react-side-effect' => '/home/mxjxn/.cache/typescript/3.7/node_modules/@types/react-side-effect/index.d.ts'
[12:33:23.13] Adding entry into typings cache: 'scheduler' => '/home/mxjxn/.cache/typescript/3.7/node_modules/@types/scheduler/index.d.ts'
[12:33:23.26] Adding entry into typings cache: 'semver' => '/home/mxjxn/.cache/typescript/3.7/node_modules/@types/semver/index.d.ts'
[12:33:23.31] Adding entry into typings cache: 'serve-index' => '/home/mxjxn/.cache/typescript/3.7/node_modules/@types/serve-index/index.d.ts'
[12:33:23.36] Adding entry into typings cache: 'serve-static' => '/home/mxjxn/.cache/typescript/3.7/node_modules/@types/serve-static/index.d.ts'
[12:33:23.40] Adding entry into typings cache: 'shallowequal' => '/home/mxjxn/.cache/typescript/3.7/node_modules/@types/shallowequal/index.d.ts'
[12:33:23.43] Adding entry into typings cache: 'source-list-map' => '/home/mxjxn/.cache/typescript/3.7/node_modules/@types/source-list-map/index.d.ts'
[12:33:23.48] Adding entry into typings cache: 'spdy' => '/home/mxjxn/.cache/typescript/3.7/node_modules/@types/spdy/index.d.ts'
[12:33:23.53] Adding entry into typings cache: 'styled-components' => '/home/mxjxn/.cache/typescript/3.7/node_modules/@types/styled-components/ts3.7/index.d.ts'
[12:33:23.57] Adding entry into typings cache: 'tapable' => '/home/mxjxn/.cache/typescript/3.7/node_modules/@types/tapable/index.d.ts'
[12:33:23.59] Adding entry into typings cache: 'uglify-js' => '/home/mxjxn/.cache/typescript/3.7/node_modules/@types/uglify-js/index.d.ts'
[12:33:23.66] Adding entry into typings cache: 'webpack' => '/home/mxjxn/.cache/typescript/3.7/node_modules/@types/webpack/index.d.ts'
[12:33:23.72] Adding entry into typings cache: 'webpack-dev-middleware' => '/home/mxjxn/.cache/typescript/3.7/node_modules/@types/webpack-dev-middleware/index.d.ts'
[12:33:23.81] Adding entry into typings cache: 'webpack-dev-server' => '/home/mxjxn/.cache/typescript/3.7/node_modules/@types/webpack-dev-server/index.d.ts'
[12:33:23.84] Adding entry into typings cache: 'webpack-sources' => '/home/mxjxn/.cache/typescript/3.7/node_modules/@types/webpack-sources/index.d.ts'
[12:33:23.84] Finished processing cache location '/home/mxjxn/.cache/typescript/3.7'
[12:33:23.84] Process id: 32556
[12:33:23.84] NPM location: /home/mxjxn/.nvm/versions/node/v13.2.0/bin/npm (explicit '--npmLocation' not  provided)
[12:33:23.84] validateDefaultNpmLocation: false
[12:33:23.85] Npm config file: /home/mxjxn/.cache/typescript/3.7/package.json
[12:33:23.85] Updating types-registry npm package...
[12:33:23.85] Exec: /home/mxjxn/.nvm/versions/node/v13.2.0/bin/npm install --ignore-scripts types-registry@latest
[12:33:28.845]     Succeeded. stdout:
    + types-registry@0.1.480
    removed 534 packages, updated 1 package and audited 200 packages in 4.774s

1 package is looking for funding
  run `npm fund` for details

found 0 vulnerabilities


[12:33:28.845] Updated types-registry npm package
[12:33:30.490] Got install request {"projectName":"/dev/null/inferredProject1*","fileNames":["/home/mxjxn/.config/yarn/global/node_modules/typescript/lib/lib.d.ts","/home/mxjxn/.config/yarn/global/node_modules/typescript/lib/lib.es5.d.ts","/home/mxjxn/.config/yarn/global/node_modules/typescript/lib/lib.dom.d.ts","/home/mxjxn/.config/yarn/global/node_modules/typescript/lib/lib.webworker.importscripts.d.ts","/home/mxjxn/.config/yarn/global/node_modules/typescript/lib/lib.scripthost.d.ts","/home/mxjxn/workspace/mxjxn.github.io/src/components/Section.js","/home/mxjxn/workspace/mxjxn.github.io/src/components/MXCarousel.js","/home/mxjxn/workspace/mxjxn.github.io/src/components/Sections/Hero.js","/home/mxjxn/workspace/mxjxn.github.io/src/components/Sections/Bio.js","/home/mxjxn/workspace/mxjxn.github.io/src/containers/Flex.js","/home/mxjxn/workspace/mxjxn.github.io/src/components/Sections/DevPanel.js","/home/mxjxn/workspace/mxjxn.github.io/src/themes.js","/home/mxjxn/workspace/mxjxn.github.io/src/pages/index.js"],"compilerOptions":{"target":1,"jsx":1,"allowNonTsExtensions":true,"allowJs":true,"noEmitForJsFiles":true,"maxNodeModuleJsDepth":2},"typeAcquisition":{"enable":true,"include":[],"exclude":[]},"unresolvedImports":["react-reveal"],"projectRootPath":"/home/mxjxn/workspace/mxjxn.github.io/src/pages","kind":"discover"}
[12:33:30.520] Loaded safelist from types map file '/home/mxjxn/.config/yarn/global/node_modules/typescript/lib/typesMap.json'
[12:33:30.521] Explicitly included types: []
[12:33:30.524] Inferred typings from unresolved imports: ["react-reveal"]
[12:33:30.524] Result: {"cachedTypingPaths":[],"newTypingNames":["react-reveal"],"filesToWatch":["/home/mxjxn/workspace/mxjxn.github.io/src/components/bower_components","/home/mxjxn/workspace/mxjxn.github.io/src/components/node_modules","/home/mxjxn/workspace/mxjxn.github.io/src/components/Sections/bower_components","/home/mxjxn/workspace/mxjxn.github.io/src/components/Sections/node_modules","/home/mxjxn/workspace/mxjxn.github.io/src/containers/bower_components","/home/mxjxn/workspace/mxjxn.github.io/src/containers/node_modules","/home/mxjxn/workspace/mxjxn.github.io/src/bower_components","/home/mxjxn/workspace/mxjxn.github.io/src/node_modules","/home/mxjxn/workspace/mxjxn.github.io/src/pages/bower_components","/home/mxjxn/workspace/mxjxn.github.io/src/pages/node_modules"]}
[12:33:30.525] Finished typings discovery: {"cachedTypingPaths":[],"newTypingNames":["react-reveal"],"filesToWatch":["/home/mxjxn/workspace/mxjxn.github.io/src/components/bower_components","/home/mxjxn/workspace/mxjxn.github.io/src/components/node_modules","/home/mxjxn/workspace/mxjxn.github.io/src/components/Sections/bower_components","/home/mxjxn/workspace/mxjxn.github.io/src/components/Sections/node_modules","/home/mxjxn/workspace/mxjxn.github.io/src/containers/bower_components","/home/mxjxn/workspace/mxjxn.github.io/src/containers/node_modules","/home/mxjxn/workspace/mxjxn.github.io/src/bower_components","/home/mxjxn/workspace/mxjxn.github.io/src/node_modules","/home/mxjxn/workspace/mxjxn.github.io/src/pages/bower_components","/home/mxjxn/workspace/mxjxn.github.io/src/pages/node_modules"]}
[12:33:30.525] DirectoryWatcher:: Added:: WatchInfo: /home/mxjxn/workspace/mxjxn.github.io/src/components/bower_components
[12:33:30.551] DirectoryWatcher:: Added:: WatchInfo: /home/mxjxn/workspace/mxjxn.github.io/src/components/node_modules
[12:33:30.552] DirectoryWatcher:: Added:: WatchInfo: /home/mxjxn/workspace/mxjxn.github.io/src/components/Sections/bower_components
[12:33:30.552] DirectoryWatcher:: Added:: WatchInfo: /home/mxjxn/workspace/mxjxn.github.io/src/components/Sections/node_modules
[12:33:30.553] DirectoryWatcher:: Added:: WatchInfo: /home/mxjxn/workspace/mxjxn.github.io/src/containers/bower_components
[12:33:30.557] DirectoryWatcher:: Added:: WatchInfo: /home/mxjxn/workspace/mxjxn.github.io/src/containers/node_modules
[12:33:30.558] DirectoryWatcher:: Added:: WatchInfo: /home/mxjxn/workspace/mxjxn.github.io/src/bower_components
[12:33:30.558] DirectoryWatcher:: Added:: WatchInfo: /home/mxjxn/workspace/mxjxn.github.io/src/node_modules
[12:33:30.559] DirectoryWatcher:: Added:: WatchInfo: /home/mxjxn/workspace/mxjxn.github.io/src/pages/bower_components
[12:33:30.561] DirectoryWatcher:: Added:: WatchInfo: /home/mxjxn/workspace/mxjxn.github.io/src/pages/node_modules
[12:33:30.562] Installing typings ["react-reveal"]
[12:33:30.563] 'react-reveal':: Entry for package 'react-reveal' does not exist in local types registry - skipping...
[12:33:30.563] All typings are known to be missing or invalid - no need to install more typings
[12:33:30.563] Sending response:
    {"projectName":"/dev/null/inferredProject1*","typeAcquisition":{"enable":true,"include":[],"exclude":[]},"compilerOptions":{"target":1,"jsx":1,"allowNonTsExtensions":true,"allowJs":true,"noEmitForJsFiles":true,"maxNodeModuleJsDepth":2},"typings":[],"unresolvedImports":["react-reveal"],"kind":"action::set"}
[12:33:30.564] Response has been sent.
[12:33:45.384] Got install request {"projectName":"/dev/null/inferredProject2*","fileNames":["/home/mxjxn/.config/yarn/global/node_modules/typescript/lib/lib.d.ts","/home/mxjxn/.config/yarn/global/node_modules/typescript/lib/lib.es5.d.ts","/home/mxjxn/.config/yarn/global/node_modules/typescript/lib/lib.dom.d.ts","/home/mxjxn/.config/yarn/global/node_modules/typescript/lib/lib.webworker.importscripts.d.ts","/home/mxjxn/.config/yarn/global/node_modules/typescript/lib/lib.scripthost.d.ts","/home/mxjxn/workspace/mxjxn.github.io/src/components/CodeBlock.js","/home/mxjxn/workspace/mxjxn.github.io/src/App.js"],"compilerOptions":{"target":1,"jsx":1,"allowNonTsExtensions":true,"allowJs":true,"noEmitForJsFiles":true,"maxNodeModuleJsDepth":2},"typeAcquisition":{"enable":true,"include":[],"exclude":[]},"unresolvedImports":["components","containers","prism-react-renderer"],"projectRootPath":"/home/mxjxn/workspace/mxjxn.github.io/src","kind":"discover"}
[12:33:45.384] Explicitly included types: []
[12:33:45.386] Inferred typings from unresolved imports: ["components","containers","prism-react-renderer"]
[12:33:45.386] Result: {"cachedTypingPaths":[],"newTypingNames":["components","containers","prism-react-renderer"],"filesToWatch":["/home/mxjxn/workspace/mxjxn.github.io/src/components/bower_components","/home/mxjxn/workspace/mxjxn.github.io/src/components/node_modules","/home/mxjxn/workspace/mxjxn.github.io/src/bower_components","/home/mxjxn/workspace/mxjxn.github.io/src/node_modules"]}
[12:33:45.386] Finished typings discovery: {"cachedTypingPaths":[],"newTypingNames":["components","containers","prism-react-renderer"],"filesToWatch":["/home/mxjxn/workspace/mxjxn.github.io/src/components/bower_components","/home/mxjxn/workspace/mxjxn.github.io/src/components/node_modules","/home/mxjxn/workspace/mxjxn.github.io/src/bower_components","/home/mxjxn/workspace/mxjxn.github.io/src/node_modules"]}
[12:33:45.386] DirectoryWatcher:: Added:: WatchInfo: /home/mxjxn/workspace/mxjxn.github.io/src/components
[12:33:45.388] DirectoryWatcher:: Added:: WatchInfo: /home/mxjxn/workspace/mxjxn.github.io/src/bower_components
[12:33:45.388] DirectoryWatcher:: Added:: WatchInfo: /home/mxjxn/workspace/mxjxn.github.io/src/node_modules
[12:33:45.388] Installing typings ["components","containers","prism-react-renderer"]
[12:33:45.389] 'components':: Entry for package 'components' does not exist in local types registry - skipping...
[12:33:45.389] 'containers':: Entry for package 'containers' does not exist in local types registry - skipping...
[12:33:45.389] 'prism-react-renderer':: Entry for package 'prism-react-renderer' does not exist in local types registry - skipping...
[12:33:45.389] All typings are known to be missing or invalid - no need to install more typings
[12:33:45.389] Sending response:
    {"projectName":"/dev/null/inferredProject2*","typeAcquisition":{"enable":true,"include":[],"exclude":[]},"compilerOptions":{"target":1,"jsx":1,"allowNonTsExtensions":true,"allowJs":true,"noEmitForJsFiles":true,"maxNodeModuleJsDepth":2},"typings":[],"unresolvedImports":["components","containers","prism-react-renderer"],"kind":"action::set"}
[12:33:45.389] Response has been sent.
[15:21:2.382] Got install request {"projectName":"/dev/null/inferredProject3*","fileNames":["/home/mxjxn/.config/yarn/global/node_modules/typescript/lib/lib.d.ts","/home/mxjxn/.config/yarn/global/node_modules/typescript/lib/lib.es5.d.ts","/home/mxjxn/.config/yarn/global/node_modules/typescript/lib/lib.dom.d.ts","/home/mxjxn/.config/yarn/global/node_modules/typescript/lib/lib.webworker.importscripts.d.ts","/home/mxjxn/.config/yarn/global/node_modules/typescript/lib/lib.scripthost.d.ts","/home/mxjxn/workspace/mxjxn.github.io/src/components/Jack.jsx","/home/mxjxn/workspace/mxjxn.github.io/src/Article1.mdx"],"compilerOptions":{"target":1,"jsx":1,"allowNonTsExtensions":true,"allowJs":true,"noEmitForJsFiles":true,"maxNodeModuleJsDepth":2},"typeAcquisition":{"enable":true,"include":[],"exclude":[]},"unresolvedImports":[],"projectRootPath":"/home/mxjxn/workspace/mxjxn.github.io/src","kind":"discover"}
[15:21:2.382] Explicitly included types: []
[15:21:2.384] Inferred 'react' typings due to presence of '.jsx' extension
[15:21:2.384] Inferred typings from unresolved imports: []
[15:21:2.384] Result: {"cachedTypingPaths":[],"newTypingNames":["react"],"filesToWatch":["/home/mxjxn/workspace/mxjxn.github.io/src/components/bower_components","/home/mxjxn/workspace/mxjxn.github.io/src/components/node_modules","/home/mxjxn/workspace/mxjxn.github.io/src/bower_components","/home/mxjxn/workspace/mxjxn.github.io/src/node_modules"]}
[15:21:2.384] Finished typings discovery: {"cachedTypingPaths":[],"newTypingNames":["react"],"filesToWatch":["/home/mxjxn/workspace/mxjxn.github.io/src/components/bower_components","/home/mxjxn/workspace/mxjxn.github.io/src/components/node_modules","/home/mxjxn/workspace/mxjxn.github.io/src/bower_components","/home/mxjxn/workspace/mxjxn.github.io/src/node_modules"]}
[15:21:2.384] DirectoryWatcher:: Added:: WatchInfo: /home/mxjxn/workspace/mxjxn.github.io/src/components
[15:21:2.384] DirectoryWatcher:: Added:: WatchInfo: /home/mxjxn/workspace/mxjxn.github.io/src/bower_components
[15:21:2.385] DirectoryWatcher:: Added:: WatchInfo: /home/mxjxn/workspace/mxjxn.github.io/src/node_modules
[15:21:2.385] Installing typings ["react"]
[15:21:2.385] Npm config file: /home/mxjxn/.cache/typescript/3.7/package.json
[15:21:2.385] Sending response:
    {"kind":"event::beginInstallTypes","eventId":1,"typingsInstallerVersion":"3.7.3","projectName":"/dev/null/inferredProject3*"}
[15:21:2.385] Response has been sent.
[15:21:2.385] #1 with arguments'["@types/react@ts3.7"]'.
[15:21:2.386] Exec: /home/mxjxn/.nvm/versions/node/v13.2.0/bin/npm install --ignore-scripts @types/react@ts3.7 --save-dev --user-agent="typesInstaller/3.7.3"
[15:21:4.378]     Succeeded. stdout:
    + @types/react@16.9.23
    updated 1 package and audited 200 packages in 1.225s

1 package is looking for funding
  run `npm fund` for details

found 0 vulnerabilities


[15:21:4.378] npm install #1 took: 1993 ms
[15:21:4.378] Installed typings ["@types/react@ts3.7"]
[15:21:4.381] Installed typing files ["/home/mxjxn/.cache/typescript/3.7/node_modules/@types/react/index.d.ts"]
[15:21:4.382] Sending response:
    {"projectName":"/dev/null/inferredProject3*","typeAcquisition":{"enable":true,"include":[],"exclude":[]},"compilerOptions":{"target":1,"jsx":1,"allowNonTsExtensions":true,"allowJs":true,"noEmitForJsFiles":true,"maxNodeModuleJsDepth":2},"typings":["/home/mxjxn/.cache/typescript/3.7/node_modules/@types/react/index.d.ts"],"unresolvedImports":[],"kind":"action::set"}
[15:21:4.382] Response has been sent.
[15:21:4.382] Sending response:
    {"kind":"event::endInstallTypes","eventId":1,"projectName":"/dev/null/inferredProject3*","packagesToInstall":["@types/react@ts3.7"],"installSuccess":true,"typingsInstallerVersion":"3.7.3"}
[15:21:4.382] Response has been sent.
